<?xml version="1.0" encoding="UTF-8"?>
<TestRun id="02be1300-4a25-44b8-9e2a-bc03f3fc60a8" name="shock@SHOCKPC 2012-01-16 12:43:47" runUser="shockpc\shock" xmlns="http://microsoft.com/schemas/VisualStudio/TeamTest/2010">
  <TestSettings name="Default Test Settings" id="ec9aea18-81e7-48cc-bb25-feddb020e96e">
    <Deployment runDeploymentRoot="shock_SHOCKPC 2012-01-16 12_43_47">
      <DeploymentItem filename="T:\01_ASP-MVC\Data\Project\WebCalendar\WebCalendar\bin\WebCalendar.dll" />
    </Deployment>
    <Execution>
      <TestTypeSpecific />
      <AgentRule name="Execution Agents">
      </AgentRule>
    </Execution>
  </TestSettings>
  <Times creation="2012-01-16T12:43:47.5581968+02:00" queuing="2012-01-16T12:43:47.7191971+02:00" start="2012-01-16T12:43:47.7231973+02:00" finish="2012-01-16T12:43:47.9212086+02:00" />
  <ResultSummary outcome="Failed">
    <Counters total="3" executed="3" passed="2" error="0" failed="1" timeout="0" aborted="0" inconclusive="0" passedButRunAborted="0" notRunnable="0" notExecuted="0" disconnected="0" warning="0" completed="0" inProgress="0" pending="0" />
  </ResultSummary>
  <TestDefinitions>
    <UnitTest name="Contact" storage="t:\01_asp-mvc\data\project\webcalendar\webcalendar.tests\bin\debug\webcalendar.tests.dll" id="38dbf458-6a13-1f1d-a648-62ca259a9953">
      <Execution id="c8d27edb-bcb5-47f7-93fa-a2dafc11b97c" />
      <TestMethod codeBase="T:/01_ASP-MVC/Data/Project/WebCalendar/WebCalendar.Tests/bin/Debug/WebCalendar.Tests.DLL" adapterTypeName="Microsoft.VisualStudio.TestTools.TestTypes.Unit.UnitTestAdapter, Microsoft.VisualStudio.QualityTools.Tips.UnitTest.Adapter, Version=10.0.0.0, Culture=neutral, PublicKeyToken=b03f5f7f11d50a3a" className="WebCalendar.Tests.Controllers.HomeControllerTest, WebCalendar.Tests, Version=1.0.0.0, Culture=neutral, PublicKeyToken=null" name="Contact" />
    </UnitTest>
    <UnitTest name="Index" storage="t:\01_asp-mvc\data\project\webcalendar\webcalendar.tests\bin\debug\webcalendar.tests.dll" id="54936312-d7d5-7858-dd8b-b7a34e0a18c8">
      <Execution id="2bd08600-998f-4b5d-be73-e5816154e2a7" />
      <TestMethod codeBase="T:/01_ASP-MVC/Data/Project/WebCalendar/WebCalendar.Tests/bin/Debug/WebCalendar.Tests.DLL" adapterTypeName="Microsoft.VisualStudio.TestTools.TestTypes.Unit.UnitTestAdapter, Microsoft.VisualStudio.QualityTools.Tips.UnitTest.Adapter, Version=10.0.0.0, Culture=neutral, PublicKeyToken=b03f5f7f11d50a3a" className="WebCalendar.Tests.Controllers.HomeControllerTest, WebCalendar.Tests, Version=1.0.0.0, Culture=neutral, PublicKeyToken=null" name="Index" />
    </UnitTest>
    <UnitTest name="About" storage="t:\01_asp-mvc\data\project\webcalendar\webcalendar.tests\bin\debug\webcalendar.tests.dll" id="f88f0ef6-ee01-5d16-21e5-df1ac357d5d8">
      <Execution id="818967aa-738d-4691-b37f-45da10628e56" />
      <TestMethod codeBase="T:/01_ASP-MVC/Data/Project/WebCalendar/WebCalendar.Tests/bin/Debug/WebCalendar.Tests.DLL" adapterTypeName="Microsoft.VisualStudio.TestTools.TestTypes.Unit.UnitTestAdapter, Microsoft.VisualStudio.QualityTools.Tips.UnitTest.Adapter, Version=10.0.0.0, Culture=neutral, PublicKeyToken=b03f5f7f11d50a3a" className="WebCalendar.Tests.Controllers.HomeControllerTest, WebCalendar.Tests, Version=1.0.0.0, Culture=neutral, PublicKeyToken=null" name="About" />
    </UnitTest>
  </TestDefinitions>
  <TestLists>
    <TestList name="Results Not in a List" id="8c84fa94-04c1-424b-9868-57a2d4851a1d" />
    <TestList name="All Loaded Results" id="19431567-8539-422a-85d7-44ee4e166bda" />
  </TestLists>
  <TestEntries>
    <TestEntry testId="38dbf458-6a13-1f1d-a648-62ca259a9953" executionId="c8d27edb-bcb5-47f7-93fa-a2dafc11b97c" testListId="8c84fa94-04c1-424b-9868-57a2d4851a1d" />
    <TestEntry testId="54936312-d7d5-7858-dd8b-b7a34e0a18c8" executionId="2bd08600-998f-4b5d-be73-e5816154e2a7" testListId="8c84fa94-04c1-424b-9868-57a2d4851a1d" />
    <TestEntry testId="f88f0ef6-ee01-5d16-21e5-df1ac357d5d8" executionId="818967aa-738d-4691-b37f-45da10628e56" testListId="8c84fa94-04c1-424b-9868-57a2d4851a1d" />
  </TestEntries>
  <Results>
    <UnitTestResult executionId="c8d27edb-bcb5-47f7-93fa-a2dafc11b97c" testId="38dbf458-6a13-1f1d-a648-62ca259a9953" testName="Contact" computerName="SHOCKPC" duration="00:00:00.0253723" startTime="2012-01-16T12:43:47.7271975+02:00" endTime="2012-01-16T12:43:47.8842065+02:00" testType="13cdc9d9-ddb5-4fa4-a97d-d965ccfc6d4b" outcome="Passed" testListId="8c84fa94-04c1-424b-9868-57a2d4851a1d" relativeResultsDirectory="c8d27edb-bcb5-47f7-93fa-a2dafc11b97c">
    </UnitTestResult>
    <UnitTestResult executionId="2bd08600-998f-4b5d-be73-e5816154e2a7" testId="54936312-d7d5-7858-dd8b-b7a34e0a18c8" testName="Index" computerName="SHOCKPC" duration="00:00:00.0192600" startTime="2012-01-16T12:43:47.8852066+02:00" endTime="2012-01-16T12:43:47.9072078+02:00" testType="13cdc9d9-ddb5-4fa4-a97d-d965ccfc6d4b" outcome="Failed" testListId="8c84fa94-04c1-424b-9868-57a2d4851a1d" relativeResultsDirectory="2bd08600-998f-4b5d-be73-e5816154e2a7">
      <Output>
        <ErrorInfo>
          <Message>Test method WebCalendar.Tests.Controllers.HomeControllerTest.Index threw exception: 
System.ArgumentException: The specified named connection is either not found in the configuration, not intended to be used with the EntityClient provider, or not valid.</Message>
          <StackTrace>    at System.Data.EntityClient.EntityConnection.ChangeConnectionString(String newConnectionString)
   at System.Data.EntityClient.EntityConnection..ctor(String connectionString)
   at System.Data.Objects.ObjectContext.CreateEntityConnection(String connectionString)
   at System.Data.Objects.ObjectContext..ctor(String connectionString, String defaultContainerName)
   at WebCalendar.WebCalendarEntities..ctor() in T:\01_ASP-MVC\Data\Project\WebCalendar\WebCalendar\WebCalendar.Designer.cs:line 42
   at WebCalendar.Controllers.HomeController.Index() in T:\01_ASP-MVC\Data\Project\WebCalendar\WebCalendar\Controllers\HomeController.cs:line 14
   at WebCalendar.Tests.Controllers.HomeControllerTest.Index() in T:\01_ASP-MVC\Data\Project\WebCalendar\WebCalendar.Tests\Controllers\HomeControllerTest.cs:line 22
</StackTrace>
        </ErrorInfo>
      </Output>
    </UnitTestResult>
    <UnitTestResult executionId="818967aa-738d-4691-b37f-45da10628e56" testId="f88f0ef6-ee01-5d16-21e5-df1ac357d5d8" testName="About" computerName="SHOCKPC" duration="00:00:00.0014072" startTime="2012-01-16T12:43:47.9072078+02:00" endTime="2012-01-16T12:43:47.9112080+02:00" testType="13cdc9d9-ddb5-4fa4-a97d-d965ccfc6d4b" outcome="Passed" testListId="8c84fa94-04c1-424b-9868-57a2d4851a1d" relativeResultsDirectory="818967aa-738d-4691-b37f-45da10628e56">
    </UnitTestResult>
  </Results>
</TestRun>